<?xml version="1.0" encoding="UTF-8"?>
<!-- Generated by org.testng.reporters.JUnitXMLReporter -->
<testsuite ignored="0" hostname="DESKTOP-0QNH070" failures="0" tests="4" name="Default test" time="45.401" errors="0" timestamp="2022-06-01T18:39:13 IST">
  <testcase classname="TestSuites.TestCases" name="userDetails" time="29.115"/>
  <testcase classname="TestSuites.TestCases" name="appsTools" time="4.022"/>
  <testcase classname="TestSuites.TestCases" name="searchAndListApps" time="3.696"/>
  <testcase classname="TestSuites.TestCases" name="searchAndListApps" time="3.156"/>
</testsuite> <!-- Default test -->
